<?xml version="1.0" encoding="UTF-8"?>
<testsuite xmlns:xsi="http://www.w3.org/2001/XMLSchema-instance" xsi:noNamespaceSchemaLocation="https://maven.apache.org/surefire/maven-surefire-plugin/xsd/surefire-test-report-3.0.xsd" version="3.0" name="com.eCommerce.microservice.product.ProductServiceApplicationTests" time="7.905" tests="1" errors="0" skipped="0" failures="0">
  <properties>
[...]
</properties>
  <testcase name="shouldCreateProduct" classname="com.eCommerce.microservice.product.ProductServiceApplicationTests" time="0.896">
    <system-out><![CDATA[00:37:01.150 [main] INFO org.springframework.test.context.support.AnnotationConfigContextLoaderUtils -- Could not detect default configuration classes for test class [com.eCommerce.microservice.product.ProductServiceApplicationTests]: ProductServiceApplicationTests does not declare any static, non-private, non-final, nested classes annotated with @Configuration.
00:37:01.174 [main] INFO org.testcontainers.images.PullPolicy -- Image pull policy will be performed by: DefaultPullPolicy()
00:37:01.175 [main] INFO org.testcontainers.utility.ImageNameSubstitutor -- Image name substitution will be performed by: DefaultImageNameSubstitutor (composite of 'ConfigurationFileImageNameSubstitutor' and 'PrefixingImageNameSubstitutor')
00:37:01.266 [main] INFO org.testcontainers.dockerclient.DockerClientProviderStrategy -- Loaded org.testcontainers.dockerclient.UnixSocketClientProviderStrategy from ~/.testcontainers.properties, will try it first
00:37:01.382 [main] INFO org.testcontainers.dockerclient.DockerClientProviderStrategy -- Found Docker environment with local Unix socket (unix:///var/run/docker.sock)
00:37:01.382 [main] INFO org.testcontainers.DockerClientFactory -- Docker host IP address is localhost
00:37:01.389 [main] INFO org.testcontainers.DockerClientFactory -- Connected to docker: 
  Server Version: 27.2.0
  API Version: 1.47
  Operating System: Docker Desktop
  Total Memory: 7839 MB
00:37:01.422 [main] INFO tc.testcontainers/ryuk:0.7.0 -- Creating container for image: testcontainers/ryuk:0.7.0
00:37:04.205 [main] INFO tc.testcontainers/ryuk:0.7.0 -- Container testcontainers/ryuk:0.7.0 is starting: 076d3bf7e3ece3066792e505eb68c740a016f9602633a9cc268f0c76f7baa1fa
00:37:04.388 [main] INFO tc.testcontainers/ryuk:0.7.0 -- Container testcontainers/ryuk:0.7.0 started in PT2.965696S
00:37:04.391 [main] INFO org.testcontainers.utility.RyukResourceReaper -- Ryuk started - will monitor and terminate Testcontainers containers on JVM exit
00:37:04.391 [main] INFO org.testcontainers.DockerClientFactory -- Checking the system...
00:37:04.391 [main] INFO org.testcontainers.DockerClientFactory -- ✔︎ Docker server version should be at least 1.6.0
00:37:04.391 [main] INFO tc.mongo:7.0.7 -- Creating container for image: mongo:7.0.7
00:37:04.420 [main] INFO tc.mongo:7.0.7 -- Container mongo:7.0.7 is starting: d488eeb04805090d241f053d0d0748a9aca567b15d588d75c6f2326d9408c02f
00:37:05.172 [main] INFO tc.mongo:7.0.7 -- Container mongo:7.0.7 started in PT0.781166S
00:37:05.850 [main] INFO org.springframework.boot.test.context.SpringBootTestContextBootstrapper -- Found @SpringBootConfiguration com.eCommerce.microservice.product.ProductServiceApplication for test class com.eCommerce.microservice.product.ProductServiceApplicationTests

  .   ____          _            __ _ _
 /\\ / ___'_ __ _ _(_)_ __  __ _ \ \ \ \
( ( )\___ | '_ | '_| | '_ \/ _` | \ \ \ \
 \\/  ___)| |_)| | | | | || (_| |  ) ) ) )
  '  |____| .__|_| |_|_| |_\__, | / / / /
 =========|_|==============|___/=/_/_/_/

 :: Spring Boot ::                (v3.3.5)

2024-11-04T00:37:05.984+05:30  INFO 15865 --- [product-service] [           main] c.e.m.p.ProductServiceApplicationTests   : Starting ProductServiceApplicationTests using Java 17.0.12 with PID 15865 (started by adityaverma in /Users/adityaverma/Documents/microservice-project/e-commerce/product-service)
2024-11-04T00:37:05.985+05:30  INFO 15865 --- [product-service] [           main] c.e.m.p.ProductServiceApplicationTests   : No active profile set, falling back to 1 default profile: "default"
2024-11-04T00:37:06.224+05:30  INFO 15865 --- [product-service] [           main] .s.d.r.c.RepositoryConfigurationDelegate : Bootstrapping Spring Data MongoDB repositories in DEFAULT mode.
2024-11-04T00:37:06.239+05:30  INFO 15865 --- [product-service] [           main] .s.d.r.c.RepositoryConfigurationDelegate : Finished Spring Data repository scanning in 13 ms. Found 1 MongoDB repository interface.
2024-11-04T00:37:06.382+05:30  INFO 15865 --- [product-service] [           main] o.s.b.w.embedded.tomcat.TomcatWebServer  : Tomcat initialized with port 0 (http)
2024-11-04T00:37:06.388+05:30  INFO 15865 --- [product-service] [           main] o.apache.catalina.core.StandardService   : Starting service [Tomcat]
2024-11-04T00:37:06.388+05:30  INFO 15865 --- [product-service] [           main] o.apache.catalina.core.StandardEngine    : Starting Servlet engine: [Apache Tomcat/10.1.31]
2024-11-04T00:37:06.406+05:30  INFO 15865 --- [product-service] [           main] o.a.c.c.C.[Tomcat].[localhost].[/]       : Initializing Spring embedded WebApplicationContext
2024-11-04T00:37:06.407+05:30  INFO 15865 --- [product-service] [           main] w.s.c.ServletWebServerApplicationContext : Root WebApplicationContext: initialization completed in 347 ms
2024-11-04T00:37:06.426+05:30  INFO 15865 --- [product-service] [           main] tc.mongo:latest                          : Creating container for image: mongo:latest
2024-11-04T00:37:06.476+05:30  INFO 15865 --- [product-service] [           main] tc.mongo:latest                          : Container mongo:latest is starting: f9babcc1fc31f39b0a5da14dfd2c84af10cfdcd2448b4fbf0094899491b4ea08
2024-11-04T00:37:07.224+05:30  INFO 15865 --- [product-service] [           main] tc.mongo:latest                          : Container mongo:latest started in PT0.797252S
2024-11-04T00:37:07.879+05:30  INFO 15865 --- [product-service] [           main] org.mongodb.driver.client                : MongoClient with metadata {"driver": {"name": "mongo-java-driver|sync|spring-boot", "version": "5.0.1"}, "os": {"type": "Darwin", "name": "Mac OS X", "architecture": "aarch64", "version": "15.0.1"}, "platform": "Java/Oracle Corporation/17.0.12+8-LTS-286"} created with settings MongoClientSettings{readPreference=primary, writeConcern=WriteConcern{w=null, wTimeout=null ms, journal=null}, retryWrites=true, retryReads=true, readConcern=ReadConcern{level=null}, credential=null, transportSettings=null, commandListeners=[], codecRegistry=ProvidersCodecRegistry{codecProviders=[ValueCodecProvider{}, BsonValueCodecProvider{}, DBRefCodecProvider{}, DBObjectCodecProvider{}, DocumentCodecProvider{}, CollectionCodecProvider{}, IterableCodecProvider{}, MapCodecProvider{}, GeoJsonCodecProvider{}, GridFSFileCodecProvider{}, Jsr310CodecProvider{}, JsonObjectCodecProvider{}, BsonCodecProvider{}, EnumCodecProvider{}, com.mongodb.client.model.mql.ExpressionCodecProvider@54997f67, com.mongodb.Jep395RecordCodecProvider@bf4e48e, com.mongodb.KotlinCodecProvider@299eca90]}, loggerSettings=LoggerSettings{maxDocumentLength=1000}, clusterSettings={hosts=[localhost:52252], srvServiceName=mongodb, mode=SINGLE, requiredClusterType=UNKNOWN, requiredReplicaSetName='null', serverSelector='null', clusterListeners='[]', serverSelectionTimeout='30000 ms', localThreshold='15 ms'}, socketSettings=SocketSettings{connectTimeoutMS=10000, readTimeoutMS=0, receiveBufferSize=0, proxySettings=ProxySettings{host=null, port=null, username=null, password=null}}, heartbeatSocketSettings=SocketSettings{connectTimeoutMS=10000, readTimeoutMS=10000, receiveBufferSize=0, proxySettings=ProxySettings{host=null, port=null, username=null, password=null}}, connectionPoolSettings=ConnectionPoolSettings{maxSize=100, minSize=0, maxWaitTimeMS=120000, maxConnectionLifeTimeMS=0, maxConnectionIdleTimeMS=0, maintenanceInitialDelayMS=0, maintenanceFrequencyMS=60000, connectionPoolListeners=[], maxConnecting=2}, serverSettings=ServerSettings{heartbeatFrequencyMS=10000, minHeartbeatFrequencyMS=500, serverListeners='[]', serverMonitorListeners='[]'}, sslSettings=SslSettings{enabled=false, invalidHostNameAllowed=false, context=null}, applicationName='null', compressorList=[], uuidRepresentation=JAVA_LEGACY, serverApi=null, autoEncryptionSettings=null, dnsClient=null, inetAddressResolver=null, contextProvider=null}
2024-11-04T00:37:07.886+05:30  INFO 15865 --- [product-service] [localhost:52252] org.mongodb.driver.cluster               : Monitor thread successfully connected to server with description ServerDescription{address=localhost:52252, type=REPLICA_SET_PRIMARY, state=CONNECTED, ok=true, minWireVersion=0, maxWireVersion=21, maxDocumentSize=16777216, logicalSessionTimeoutMinutes=30, roundTripTimeNanos=8680625, setName='docker-rs', canonicalAddress=d488eeb04805:27017, hosts=[d488eeb04805:27017], passives=[], arbiters=[], primary='d488eeb04805:27017', tagSet=TagSet{[]}, electionId=7fffffff0000000000000001, setVersion=1, topologyVersion=TopologyVersion{processId=6727c9d86d4e665ca38de682, counter=6}, lastWriteDate=Mon Nov 04 00:37:05 IST 2024, lastUpdateTimeNanos=30168571119250}
2024-11-04T00:37:08.093+05:30  INFO 15865 --- [product-service] [           main] o.s.b.w.embedded.tomcat.TomcatWebServer  : Tomcat started on port 52258 (http) with context path '/'
2024-11-04T00:37:08.097+05:30  INFO 15865 --- [product-service] [           main] c.e.m.p.ProductServiceApplicationTests   : Started ProductServiceApplicationTests in 2.198 seconds (process running for 7.248)
2024-11-04T00:37:08.726+05:30  INFO 15865 --- [product-service] [o-auto-1-exec-1] o.a.c.c.C.[Tomcat].[localhost].[/]       : Initializing Spring DispatcherServlet 'dispatcherServlet'
2024-11-04T00:37:08.727+05:30  INFO 15865 --- [product-service] [o-auto-1-exec-1] o.s.web.servlet.DispatcherServlet        : Initializing Servlet 'dispatcherServlet'
2024-11-04T00:37:08.727+05:30  INFO 15865 --- [product-service] [o-auto-1-exec-1] o.s.web.servlet.DispatcherServlet        : Completed initialization in 0 ms
2024-11-04T00:37:08.803+05:30  INFO 15865 --- [product-service] [o-auto-1-exec-1] c.e.m.p.service.ProductServiceImpl       : Product 6727c9dc365b2b1d964aa2c9 is saved
HTTP/1.1 201 
Content-Type: application/json
Transfer-Encoding: chunked
Date: Sun, 03 Nov 2024 19:07:08 GMT
Keep-Alive: timeout=60
Connection: keep-alive

{
    "id": "6727c9dc365b2b1d964aa2c9",
    "name": "Macbook Air M3",
    "description": "An apple macbook air laptop with 16 gigs of ram",
    "price": 134000
}
]]></system-out>
  </testcase>
</testsuite>